execvp(): No such file or directory
Running couchapp server.js
Preparing.
Serializing.
PUT http://127.0.0.1:5984/e6d52fa7-91bf-4a45-b7ee-58c96f317be4/_design/server
Finished push. 1-1c9e7ca2ad74bc51fdec5ce6fe675e75
Running couchapp server.js
Preparing.
Serializing.
PUT http://127.0.0.1:5984/e6d52fa7-91bf-4a45-b7ee-58c96f317be4/_design/server
Finished push. 2-40923bd706149df8da1b6ea1e4a6ba05
Running couchapp server.js
Preparing.
Serializing.
PUT http://127.0.0.1:5984/e6d52fa7-91bf-4a45-b7ee-58c96f317be4/_design/server
Finished push. 3-7fb626998dc3a7efbcb3aabcc203b4f1
Running couchapp server.js
Preparing.
Serializing.
PUT http://127.0.0.1:5984/e6d52fa7-91bf-4a45-b7ee-58c96f317be4/_design/server
Finished push. 4-38cf6218e382e66ea62f78ca3450cc89
Running couchapp server.js
Preparing.
Serializing.
PUT http://127.0.0.1:5984/e6d52fa7-91bf-4a45-b7ee-58c96f317be4/_design/server
Finished push. 5-85b12798021d0dbca2d604cd6f1ddea8
Running couchapp server.js
Preparing.
Serializing.
PUT http://127.0.0.1:5984/e6d52fa7-91bf-4a45-b7ee-58c96f317be4/_design/server
Finished push. 6-c311812fffd36069c16325de5de9f00e
Running couchapp server.js
Preparing.
Serializing.
PUT http://127.0.0.1:5984/e6d52fa7-91bf-4a45-b7ee-58c96f317be4/_design/server
Finished push. 7-0ea74dbb582573e512b2e91c8012d48c
Running couchapp server.js
Preparing.
Serializing.
PUT http://127.0.0.1:5984/e6d52fa7-91bf-4a45-b7ee-58c96f317be4/_design/server
Finished push. 8-d6f7a9838cd203f443dc04d713c7f636
Running couchapp server.js
Preparing.
Serializing.
PUT http://127.0.0.1:5984/e6d52fa7-91bf-4a45-b7ee-58c96f317be4/_design/server
Finished push. 9-a74ea8fb35765ff4a6496bf8800d832b
Running couchapp server.js
Preparing.
Serializing.
PUT http://127.0.0.1:5984/e6d52fa7-91bf-4a45-b7ee-58c96f317be4/_design/server
Finished push. 10-c4fa06079b8e2197372b064599a56e9b
Running couchapp server.js
Preparing.
Serializing.
PUT http://127.0.0.1:5984/e6d52fa7-91bf-4a45-b7ee-58c96f317be4/_design/server
Finished push. 11-fb3a5f7fc6337012eda55dd1a7a6a2fb
Running couchapp server.js
Preparing.
Serializing.
PUT http://127.0.0.1:5984/e6d52fa7-91bf-4a45-b7ee-58c96f317be4/_design/server
Finished push. 1-107235e56b3c0f7cc5f4a8999ffb8e17
Running couchapp server.js
Preparing.
Serializing.
PUT http://127.0.0.1:5984/e6d52fa7-91bf-4a45-b7ee-58c96f317be4/_design/server
Finished push. 2-a600dbf2a708eea1b3565f2b3f292b22
Running couchapp server.js
Preparing.
Serializing.
PUT http://127.0.0.1:5984/e6d52fa7-91bf-4a45-b7ee-58c96f317be4/_design/server
Finished push. 3-71a5dbb4127d2cf1bef06309c714c626
Running couchapp server.js
Preparing.
Serializing.
PUT http://127.0.0.1:5984/e6d52fa7-91bf-4a45-b7ee-58c96f317be4/_design/server
Finished push. 4-607a07b74c23af6ce991b7abfb33cfeb
Running couchapp server.js
Preparing.
Serializing.
PUT http://127.0.0.1:5984/e6d52fa7-91bf-4a45-b7ee-58c96f317be4/_design/server
Finished push. 5-2236d81ac7792051d49f130b58df5521
Running couchapp server.js
Preparing.
Serializing.
PUT http://127.0.0.1:5984/e6d52fa7-91bf-4a45-b7ee-58c96f317be4/_design/server
Finished push. 6-da5fb1c537316a914abd79e8e7962ec1
Running couchapp server.js
Preparing.
Serializing.
PUT http://127.0.0.1:5984/e6d52fa7-91bf-4a45-b7ee-58c96f317be4/_design/server
Finished push. 7-5a48606569b508203c9d6e4bf242e4ef
Running couchapp server.js
Preparing.
Serializing.
PUT http://127.0.0.1:5984/e6d52fa7-91bf-4a45-b7ee-58c96f317be4/_design/server
Finished push. 8-a16fe2b82e97d850f6fb757d326d46fc
Running couchapp server.js
Preparing.
Serializing.
PUT http://127.0.0.1:5984/e6d52fa7-91bf-4a45-b7ee-58c96f317be4/_design/server
Finished push. 9-be20dcaa6b506c4d69fd552d0150902d
Running couchapp server.js
Preparing.
Serializing.
PUT http://127.0.0.1:5984/e6d52fa7-91bf-4a45-b7ee-58c96f317be4/_design/server
Finished push. 10-d29f0452f65e6715455cdcde0c471308
Running couchapp server.js
Preparing.
Serializing.
PUT http://127.0.0.1:5984/e6d52fa7-91bf-4a45-b7ee-58c96f317be4/_design/server
Finished push. 11-6eeec76613017a6eb7abe479730f12ae
Running couchapp server.js
Preparing.
Serializing.
PUT http://127.0.0.1:5984/e6d52fa7-91bf-4a45-b7ee-58c96f317be4/_design/server
Finished push. 12-283e7a397f7a9e7dff466f2c93db19b7
Running couchapp server.js
Preparing.
Serializing.
PUT http://127.0.0.1:5984/e6d52fa7-91bf-4a45-b7ee-58c96f317be4/_design/server
Finished push. 13-777b6e862ba3fb0cba6f47b6ee2b9ba1
Running couchapp server.js
Preparing.
Serializing.
PUT http://127.0.0.1:5984/e6d52fa7-91bf-4a45-b7ee-58c96f317be4/_design/server
Finished push. 14-4f932371c845bc55597b58421076f8a1
Running couchapp server.js
Preparing.
Serializing.
PUT http://127.0.0.1:5984/e6d52fa7-91bf-4a45-b7ee-58c96f317be4/_design/server
Finished push. 15-ff4e3b848698ea14030b529aeadf006f
Running couchapp server.js
Preparing.
Serializing.
PUT http://127.0.0.1:5984/e6d52fa7-91bf-4a45-b7ee-58c96f317be4/_design/server
Finished push. 16-286ddf4d40a053c27ded96cfea0e8210
Running couchapp server.js
Preparing.
Serializing.
PUT http://127.0.0.1:5984/e6d52fa7-91bf-4a45-b7ee-58c96f317be4/_design/server
Finished push. 17-b291ce6e8b12ca531c890f64e1ad7455
Running couchapp server.js
Preparing.
Serializing.
PUT http://127.0.0.1:5984/e6d52fa7-91bf-4a45-b7ee-58c96f317be4/_design/server
Finished push. 18-6cd71295610696ae57caaac06ec73f16
Running couchapp server.js
Preparing.
Serializing.
PUT http://127.0.0.1:5984/e6d52fa7-91bf-4a45-b7ee-58c96f317be4/_design/server
Finished push. 19-3cd623e6745b1942c73daadef819dd97
Running couchapp server.js
Preparing.
Serializing.
PUT http://127.0.0.1:5984/e6d52fa7-91bf-4a45-b7ee-58c96f317be4/_design/server
Finished push. 20-89eec61453b396b75f27f7f2ab34a2a4
Running couchapp server.js
Preparing.
Serializing.
PUT http://127.0.0.1:5984/e6d52fa7-91bf-4a45-b7ee-58c96f317be4/_design/server
Finished push. 21-669d28a64b7346d3cae0c2f68ba64699
Running couchapp server.js
Preparing.
Serializing.
PUT http://127.0.0.1:5984/e6d52fa7-91bf-4a45-b7ee-58c96f317be4/_design/server
Finished push. 22-5cc71e73bfad50c12ae01fd298138bd4
Running couchapp server.js
Preparing.
Serializing.
PUT http://127.0.0.1:5984/e6d52fa7-91bf-4a45-b7ee-58c96f317be4/_design/server
Finished push. 23-2eec197d2535a9f2117cb041f2e8365b
Running couchapp server.js
Preparing.
Serializing.
PUT http://127.0.0.1:5984/e6d52fa7-91bf-4a45-b7ee-58c96f317be4/_design/server
Finished push. 24-ce7ce05358b497e4e6be99fc12ad4e92
Running couchapp server.js
Preparing.
Serializing.
PUT http://127.0.0.1:5984/e6d52fa7-91bf-4a45-b7ee-58c96f317be4/_design/server
Finished push. 25-362acebc48b26b9bcc4c0e693bfc4bee
Running couchapp server.js
Preparing.
Serializing.
PUT http://127.0.0.1:5984/e6d52fa7-91bf-4a45-b7ee-58c96f317be4/_design/server
Finished push. 26-f9495b594ed11cc92b8665157120601f
Running couchapp server.js
Preparing.
Serializing.
PUT http://127.0.0.1:5984/e6d52fa7-91bf-4a45-b7ee-58c96f317be4/_design/server
Finished push. 27-2f1d6b43be9acabc72e54343bdacbe4e
Running couchapp server.js
Preparing.
Serializing.
PUT http://127.0.0.1:5984/e6d52fa7-91bf-4a45-b7ee-58c96f317be4/_design/server
Finished push. 28-52bdc82d27174a499ec6ab13b3ac69c7
Running couchapp server.js
Preparing.
Serializing.
PUT http://127.0.0.1:5984/e6d52fa7-91bf-4a45-b7ee-58c96f317be4/_design/server
Finished push. 29-d802e64ffc3b4317d0c192839dd99263
Running couchapp server.js
Preparing.
Serializing.
PUT http://127.0.0.1:5984/e6d52fa7-91bf-4a45-b7ee-58c96f317be4/_design/server
Finished push. 30-5a86276771077d042fb50dee14b276f6
Running couchapp server.js
Preparing.
Serializing.
PUT http://127.0.0.1:5984/e6d52fa7-91bf-4a45-b7ee-58c96f317be4/_design/server
Finished push. 31-390f07fdf32517cbc3826a30c8023fd4
Running couchapp server.js
Preparing.
Serializing.
PUT http://127.0.0.1:5984/e6d52fa7-91bf-4a45-b7ee-58c96f317be4/_design/server
Finished push. 32-fdc610f3abb91d90965bbfd81ef849ff
Running couchapp server.js
Preparing.
Serializing.
PUT http://127.0.0.1:5984/e6d52fa7-91bf-4a45-b7ee-58c96f317be4/_design/server
Finished push. 33-7de1f47092d5cbd1b3e6f44a9d78add6
Running couchapp server.js
Preparing.
Serializing.
PUT http://127.0.0.1:5984/e6d52fa7-91bf-4a45-b7ee-58c96f317be4/_design/server
Finished push. 34-89d199e43cdf3fd16c17c638ffd3429a
Running couchapp server.js
Preparing.
Serializing.
PUT http://127.0.0.1:5984/e6d52fa7-91bf-4a45-b7ee-58c96f317be4/_design/server
Finished push. 35-b57ddd9b0a27f1617018445baded4fcf
Running couchapp server.js
Preparing.
Serializing.
PUT http://127.0.0.1:5984/e6d52fa7-91bf-4a45-b7ee-58c96f317be4/_design/server
Finished push. 36-cbb7b212cac6e308acd18c19ab4db226
Running couchapp server.js
Preparing.
Serializing.
PUT http://127.0.0.1:5984/e6d52fa7-91bf-4a45-b7ee-58c96f317be4/_design/server
Finished push. 37-ee334aece2649d7c929aefc879b9880b
Running couchapp server.js
Preparing.
Serializing.
PUT http://127.0.0.1:5984/e6d52fa7-91bf-4a45-b7ee-58c96f317be4/_design/server
Finished push. 38-0b315292858ab8f727ecdef81da549f0
Running couchapp server.js
Preparing.
Serializing.
PUT http://127.0.0.1:5984/e6d52fa7-91bf-4a45-b7ee-58c96f317be4/_design/server
Finished push. 39-488e4a5974cf4ddd5070b3b8e8e4d7e1
Running couchapp server.js
Preparing.
Serializing.
PUT http://127.0.0.1:5984/e6d52fa7-91bf-4a45-b7ee-58c96f317be4/_design/server
Finished push. 40-52df3317b6196c5db5fef1e56e537fd0
Running couchapp server.js
Preparing.
Serializing.
PUT http://127.0.0.1:5984/e6d52fa7-91bf-4a45-b7ee-58c96f317be4/_design/server
Finished push. 41-a54ee99aaddc8e5daf5f1849952575b9
Running couchapp server.js
Preparing.
Serializing.
PUT http://127.0.0.1:5984/e6d52fa7-91bf-4a45-b7ee-58c96f317be4/_design/server
Finished push. 42-8217ac2b9d801e72cf69205d04701904
Running couchapp server.js
Preparing.
Serializing.
PUT http://127.0.0.1:5984/e6d52fa7-91bf-4a45-b7ee-58c96f317be4/_design/server
Finished push. 43-b406cd21b7dd68ce2dcc9fe5ecd55601
Running couchapp server.js
Preparing.
Serializing.
PUT http://127.0.0.1:5984/e6d52fa7-91bf-4a45-b7ee-58c96f317be4/_design/server
Finished push. 44-7430b5b51f341ac49b73367eebf73572
Running couchapp server.js
Preparing.
Serializing.
PUT http://127.0.0.1:5984/e6d52fa7-91bf-4a45-b7ee-58c96f317be4/_design/server
Finished push. 45-883a4c15e045cd4b9bc1aaf64b425fe3
Running couchapp server.js
Preparing.
Serializing.
PUT http://127.0.0.1:5984/e6d52fa7-91bf-4a45-b7ee-58c96f317be4/_design/server
Finished push. 46-83073ff002cd228fd1d68c8b3f9a3574
Running couchapp server.js
Preparing.
Serializing.
PUT http://127.0.0.1:5984/e6d52fa7-91bf-4a45-b7ee-58c96f317be4/_design/server
Finished push. 47-9bbeb2438d07661e9d666616ab310777
